PhantomJS is launching GhostDriver...
[INFO  - 2015-08-04T22:14:08.997Z] GhostDriver - Main - running on port 50913
[INFO  - 2015-08-04T22:14:09.792Z] Session [2130a4b0-3af6-11e5-9b8c-41a652d9e973] - page.settings - {"XSSAuditingEnabled":false,"javascriptCanCloseWindows":true,"javascriptCanOpenWindows":true,"javascriptEnabled":true,"loadImages":true,"localToRemoteUrlAccessEnabled":false,"userAgent":"Mozilla/5.0 (Unknown; Linux x86_64) AppleWebKit/534.34 (KHTML, like Gecko) PhantomJS/1.9.8 Safari/534.34","webSecurityEnabled":true}
[INFO  - 2015-08-04T22:14:09.793Z] Session [2130a4b0-3af6-11e5-9b8c-41a652d9e973] - page.customHeaders:  - {}
[INFO  - 2015-08-04T22:14:09.793Z] Session [2130a4b0-3af6-11e5-9b8c-41a652d9e973] - Session.negotiatedCapabilities - {"browserName":"phantomjs","version":"1.9.8","driverName":"ghostdriver","driverVersion":"1.1.0","platform":"linux-unknown-64bit","javascriptEnabled":true,"takesScreenshot":true,"handlesAlerts":false,"databaseEnabled":false,"locationContextEnabled":false,"applicationCacheEnabled":false,"browserConnectionEnabled":false,"cssSelectorsEnabled":true,"webStorageEnabled":false,"rotatable":false,"acceptSslCerts":false,"nativeEvents":true,"proxy":{"proxyType":"direct"}}
[INFO  - 2015-08-04T22:14:09.793Z] SessionManagerReqHand - _postNewSessionCommand - New Session Created: 2130a4b0-3af6-11e5-9b8c-41a652d9e973
[ERROR - 2015-08-04T22:15:05.217Z] WebElementLocator - _handleLocateCommand - Element(s) NOT Found: GAVE UP. Search Stop Time: 1438726505156
[ERROR - 2015-08-04T22:15:06.150Z] WebElementLocator - _handleLocateCommand - Element(s) NOT Found: GAVE UP. Search Stop Time: 1438726506138
[ERROR - 2015-08-04T22:15:06.931Z] WebElementLocator - _handleLocateCommand - Element(s) NOT Found: GAVE UP. Search Stop Time: 1438726506868
[ERROR - 2015-08-04T22:15:08.755Z] WebElementLocator - _handleLocateCommand - Element(s) NOT Found: GAVE UP. Search Stop Time: 1438726508698
[ERROR - 2015-08-04T22:15:09.679Z] WebElementLocator - _handleLocateCommand - Element(s) NOT Found: GAVE UP. Search Stop Time: 1438726509648
[ERROR - 2015-08-04T22:15:14.149Z] WebElementLocator - _handleLocateCommand - Element(s) NOT Found: GAVE UP. Search Stop Time: 1438726514138
[ERROR - 2015-08-04T22:15:55.258Z] WebElementLocator - _handleLocateCommand - Element(s) NOT Found: GAVE UP. Search Stop Time: 1438726555235
[ERROR - 2015-08-04T22:15:56.321Z] WebElementLocator - _handleLocateCommand - Element(s) NOT Found: GAVE UP. Search Stop Time: 1438726556227
[ERROR - 2015-08-04T22:15:57.122Z] WebElementLocator - _handleLocateCommand - Element(s) NOT Found: GAVE UP. Search Stop Time: 1438726557108
[ERROR - 2015-08-04T22:16:05.234Z] WebElementLocator - _handleLocateCommand - Element(s) NOT Found: GAVE UP. Search Stop Time: 1438726565182
[ERROR - 2015-08-04T22:16:06.467Z] WebElementLocator - _handleLocateCommand - Element(s) NOT Found: GAVE UP. Search Stop Time: 1438726566466
[ERROR - 2015-08-04T22:16:07.797Z] WebElementLocator - _handleLocateCommand - Element(s) NOT Found: GAVE UP. Search Stop Time: 1438726567757
[ERROR - 2015-08-04T22:16:10.777Z] WebElementLocator - _handleLocateCommand - Element(s) NOT Found: GAVE UP. Search Stop Time: 1438726570755
[ERROR - 2015-08-04T22:16:12.160Z] WebElementLocator - _handleLocateCommand - Element(s) NOT Found: GAVE UP. Search Stop Time: 1438726572107
[ERROR - 2015-08-04T22:16:13.465Z] WebElementLocator - _handleLocateCommand - Element(s) NOT Found: GAVE UP. Search Stop Time: 1438726573413
[ERROR - 2015-08-04T22:16:15.598Z] WebElementLocator - _handleLocateCommand - Element(s) NOT Found: GAVE UP. Search Stop Time: 1438726575540
[ERROR - 2015-08-04T22:16:16.420Z] WebElementLocator - _handleLocateCommand - Element(s) NOT Found: GAVE UP. Search Stop Time: 1438726576373
[ERROR - 2015-08-04T22:16:17.124Z] WebElementLocator - _handleLocateCommand - Element(s) NOT Found: GAVE UP. Search Stop Time: 1438726577076
[ERROR - 2015-08-04T22:16:18.890Z] WebElementLocator - _handleLocateCommand - Element(s) NOT Found: GAVE UP. Search Stop Time: 1438726578852
[ERROR - 2015-08-04T22:16:19.581Z] WebElementLocator - _handleLocateCommand - Element(s) NOT Found: GAVE UP. Search Stop Time: 1438726579544
[ERROR - 2015-08-04T22:16:20.277Z] WebElementLocator - _handleLocateCommand - Element(s) NOT Found: GAVE UP. Search Stop Time: 1438726580231
[ERROR - 2015-08-04T22:16:22.042Z] WebElementLocator - _handleLocateCommand - Element(s) NOT Found: GAVE UP. Search Stop Time: 1438726581995
[ERROR - 2015-08-04T22:16:22.728Z] WebElementLocator - _handleLocateCommand - Element(s) NOT Found: GAVE UP. Search Stop Time: 1438726582688
[ERROR - 2015-08-04T22:16:23.412Z] WebElementLocator - _handleLocateCommand - Element(s) NOT Found: GAVE UP. Search Stop Time: 1438726583364
[ERROR - 2015-08-04T22:16:25.119Z] WebElementLocator - _handleLocateCommand - Element(s) NOT Found: GAVE UP. Search Stop Time: 1438726585072
[ERROR - 2015-08-04T22:16:25.832Z] WebElementLocator - _handleLocateCommand - Element(s) NOT Found: GAVE UP. Search Stop Time: 1438726585786
[ERROR - 2015-08-04T22:16:26.561Z] WebElementLocator - _handleLocateCommand - Element(s) NOT Found: GAVE UP. Search Stop Time: 1438726586499
[ERROR - 2015-08-04T22:16:28.419Z] WebElementLocator - _handleLocateCommand - Element(s) NOT Found: GAVE UP. Search Stop Time: 1438726588416
[ERROR - 2015-08-04T22:16:29.201Z] WebElementLocator - _handleLocateCommand - Element(s) NOT Found: GAVE UP. Search Stop Time: 1438726589148
[ERROR - 2015-08-04T22:16:29.947Z] WebElementLocator - _handleLocateCommand - Element(s) NOT Found: GAVE UP. Search Stop Time: 1438726589938
[ERROR - 2015-08-04T22:16:31.788Z] WebElementLocator - _handleLocateCommand - Element(s) NOT Found: GAVE UP. Search Stop Time: 1438726591713
[ERROR - 2015-08-04T22:16:32.554Z] WebElementLocator - _handleLocateCommand - Element(s) NOT Found: GAVE UP. Search Stop Time: 1438726592552
[ERROR - 2015-08-04T22:16:33.339Z] WebElementLocator - _handleLocateCommand - Element(s) NOT Found: GAVE UP. Search Stop Time: 1438726593287
[ERROR - 2015-08-04T22:16:35.175Z] WebElementLocator - _handleLocateCommand - Element(s) NOT Found: GAVE UP. Search Stop Time: 1438726595164
[ERROR - 2015-08-04T22:16:36.593Z] WebElementLocator - _handleLocateCommand - Element(s) NOT Found: GAVE UP. Search Stop Time: 1438726596543
[ERROR - 2015-08-04T22:16:37.782Z] WebElementLocator - _handleLocateCommand - Element(s) NOT Found: GAVE UP. Search Stop Time: 1438726597736
[ERROR - 2015-08-04T22:16:39.870Z] WebElementLocator - _handleLocateCommand - Element(s) NOT Found: GAVE UP. Search Stop Time: 1438726599818
[ERROR - 2015-08-04T22:16:40.602Z] WebElementLocator - _handleLocateCommand - Element(s) NOT Found: GAVE UP. Search Stop Time: 1438726600544
[ERROR - 2015-08-04T22:16:41.558Z] WebElementLocator - _handleLocateCommand - Element(s) NOT Found: GAVE UP. Search Stop Time: 1438726601532
[ERROR - 2015-08-04T22:16:43.618Z] WebElementLocator - _handleLocateCommand - Element(s) NOT Found: GAVE UP. Search Stop Time: 1438726603617
[ERROR - 2015-08-04T22:16:44.397Z] WebElementLocator - _handleLocateCommand - Element(s) NOT Found: GAVE UP. Search Stop Time: 1438726604348
[ERROR - 2015-08-04T22:16:45.143Z] WebElementLocator - _handleLocateCommand - Element(s) NOT Found: GAVE UP. Search Stop Time: 1438726605084
[ERROR - 2015-08-04T22:16:46.981Z] WebElementLocator - _handleLocateCommand - Element(s) NOT Found: GAVE UP. Search Stop Time: 1438726606937
[ERROR - 2015-08-04T22:16:47.604Z] WebElementLocator - _handleLocateCommand - Element(s) NOT Found: GAVE UP. Search Stop Time: 1438726607565
[ERROR - 2015-08-04T22:16:48.232Z] WebElementLocator - _handleLocateCommand - Element(s) NOT Found: GAVE UP. Search Stop Time: 1438726608193
[ERROR - 2015-08-04T22:16:49.917Z] WebElementLocator - _handleLocateCommand - Element(s) NOT Found: GAVE UP. Search Stop Time: 1438726609871
[ERROR - 2015-08-04T22:16:50.631Z] WebElementLocator - _handleLocateCommand - Element(s) NOT Found: GAVE UP. Search Stop Time: 1438726610591
[ERROR - 2015-08-04T22:16:51.318Z] WebElementLocator - _handleLocateCommand - Element(s) NOT Found: GAVE UP. Search Stop Time: 1438726611280
[ERROR - 2015-08-04T22:16:53.029Z] WebElementLocator - _handleLocateCommand - Element(s) NOT Found: GAVE UP. Search Stop Time: 1438726612978
[ERROR - 2015-08-04T22:16:53.879Z] WebElementLocator - _handleLocateCommand - Element(s) NOT Found: GAVE UP. Search Stop Time: 1438726613835
[ERROR - 2015-08-04T22:16:54.835Z] WebElementLocator - _handleLocateCommand - Element(s) NOT Found: GAVE UP. Search Stop Time: 1438726614832
[ERROR - 2015-08-04T22:16:57.135Z] WebElementLocator - _handleLocateCommand - Element(s) NOT Found: GAVE UP. Search Stop Time: 1438726617120
[ERROR - 2015-08-04T22:16:57.913Z] WebElementLocator - _handleLocateCommand - Element(s) NOT Found: GAVE UP. Search Stop Time: 1438726617887
[ERROR - 2015-08-04T22:16:58.736Z] WebElementLocator - _handleLocateCommand - Element(s) NOT Found: GAVE UP. Search Stop Time: 1438726618678
[ERROR - 2015-08-04T22:17:00.606Z] WebElementLocator - _handleLocateCommand - Element(s) NOT Found: GAVE UP. Search Stop Time: 1438726620556
[ERROR - 2015-08-04T22:17:01.567Z] WebElementLocator - _handleLocateCommand - Element(s) NOT Found: GAVE UP. Search Stop Time: 1438726621502
[ERROR - 2015-08-04T22:17:02.468Z] WebElementLocator - _handleLocateCommand - Element(s) NOT Found: GAVE UP. Search Stop Time: 1438726622416
[ERROR - 2015-08-04T22:17:04.391Z] WebElementLocator - _handleLocateCommand - Element(s) NOT Found: GAVE UP. Search Stop Time: 1438726624344
[ERROR - 2015-08-04T22:17:05.276Z] WebElementLocator - _handleLocateCommand - Element(s) NOT Found: GAVE UP. Search Stop Time: 1438726625263
[ERROR - 2015-08-04T22:17:06.296Z] WebElementLocator - _handleLocateCommand - Element(s) NOT Found: GAVE UP. Search Stop Time: 1438726626271
[ERROR - 2015-08-04T22:17:08.383Z] WebElementLocator - _handleLocateCommand - Element(s) NOT Found: GAVE UP. Search Stop Time: 1438726628334
[ERROR - 2015-08-04T22:17:09.064Z] WebElementLocator - _handleLocateCommand - Element(s) NOT Found: GAVE UP. Search Stop Time: 1438726629018
[ERROR - 2015-08-04T22:17:09.720Z] WebElementLocator - _handleLocateCommand - Element(s) NOT Found: GAVE UP. Search Stop Time: 1438726629685
[ERROR - 2015-08-04T22:17:11.402Z] WebElementLocator - _handleLocateCommand - Element(s) NOT Found: GAVE UP. Search Stop Time: 1438726631367
[ERROR - 2015-08-04T22:17:12.100Z] WebElementLocator - _handleLocateCommand - Element(s) NOT Found: GAVE UP. Search Stop Time: 1438726632058
[ERROR - 2015-08-04T22:17:12.786Z] WebElementLocator - _handleLocateCommand - Element(s) NOT Found: GAVE UP. Search Stop Time: 1438726632742
[ERROR - 2015-08-04T22:17:14.556Z] WebElementLocator - _handleLocateCommand - Element(s) NOT Found: GAVE UP. Search Stop Time: 1438726634551
[ERROR - 2015-08-04T22:17:15.347Z] WebElementLocator - _handleLocateCommand - Element(s) NOT Found: GAVE UP. Search Stop Time: 1438726635296
[ERROR - 2015-08-04T22:17:16.124Z] WebElementLocator - _handleLocateCommand - Element(s) NOT Found: GAVE UP. Search Stop Time: 1438726636073
[ERROR - 2015-08-04T22:17:17.950Z] WebElementLocator - _handleLocateCommand - Element(s) NOT Found: GAVE UP. Search Stop Time: 1438726637908
[ERROR - 2015-08-04T22:17:18.660Z] WebElementLocator - _handleLocateCommand - Element(s) NOT Found: GAVE UP. Search Stop Time: 1438726638621
[ERROR - 2015-08-04T22:17:19.300Z] WebElementLocator - _handleLocateCommand - Element(s) NOT Found: GAVE UP. Search Stop Time: 1438726639265
[ERROR - 2015-08-04T22:17:20.984Z] WebElementLocator - _handleLocateCommand - Element(s) NOT Found: GAVE UP. Search Stop Time: 1438726640946
[ERROR - 2015-08-04T22:17:21.615Z] WebElementLocator - _handleLocateCommand - Element(s) NOT Found: GAVE UP. Search Stop Time: 1438726641580
[ERROR - 2015-08-04T22:17:22.234Z] WebElementLocator - _handleLocateCommand - Element(s) NOT Found: GAVE UP. Search Stop Time: 1438726642190
[ERROR - 2015-08-04T22:17:23.997Z] WebElementLocator - _handleLocateCommand - Element(s) NOT Found: GAVE UP. Search Stop Time: 1438726643944
[ERROR - 2015-08-04T22:17:24.723Z] WebElementLocator - _handleLocateCommand - Element(s) NOT Found: GAVE UP. Search Stop Time: 1438726644662
[ERROR - 2015-08-04T22:17:25.419Z] WebElementLocator - _handleLocateCommand - Element(s) NOT Found: GAVE UP. Search Stop Time: 1438726645371
[ERROR - 2015-08-04T22:17:27.140Z] WebElementLocator - _handleLocateCommand - Element(s) NOT Found: GAVE UP. Search Stop Time: 1438726647101
[ERROR - 2015-08-04T22:17:27.782Z] WebElementLocator - _handleLocateCommand - Element(s) NOT Found: GAVE UP. Search Stop Time: 1438726647727
[ERROR - 2015-08-04T22:17:28.516Z] WebElementLocator - _handleLocateCommand - Element(s) NOT Found: GAVE UP. Search Stop Time: 1438726648467
[ERROR - 2015-08-04T22:17:30.346Z] WebElementLocator - _handleLocateCommand - Element(s) NOT Found: GAVE UP. Search Stop Time: 1438726650294
[ERROR - 2015-08-04T22:17:31.103Z] WebElementLocator - _handleLocateCommand - Element(s) NOT Found: GAVE UP. Search Stop Time: 1438726651059
[ERROR - 2015-08-04T22:17:31.821Z] WebElementLocator - _handleLocateCommand - Element(s) NOT Found: GAVE UP. Search Stop Time: 1438726651783
[ERROR - 2015-08-04T22:17:33.575Z] WebElementLocator - _handleLocateCommand - Element(s) NOT Found: GAVE UP. Search Stop Time: 1438726653538
[ERROR - 2015-08-04T22:17:34.262Z] WebElementLocator - _handleLocateCommand - Element(s) NOT Found: GAVE UP. Search Stop Time: 1438726654227
[ERROR - 2015-08-04T22:17:34.959Z] WebElementLocator - _handleLocateCommand - Element(s) NOT Found: GAVE UP. Search Stop Time: 1438726654909
[ERROR - 2015-08-04T22:17:36.703Z] WebElementLocator - _handleLocateCommand - Element(s) NOT Found: GAVE UP. Search Stop Time: 1438726656659
[ERROR - 2015-08-04T22:17:37.342Z] WebElementLocator - _handleLocateCommand - Element(s) NOT Found: GAVE UP. Search Stop Time: 1438726657303
[ERROR - 2015-08-04T22:17:37.964Z] WebElementLocator - _handleLocateCommand - Element(s) NOT Found: GAVE UP. Search Stop Time: 1438726657926
[ERROR - 2015-08-04T22:17:39.651Z] WebElementLocator - _handleLocateCommand - Element(s) NOT Found: GAVE UP. Search Stop Time: 1438726659607
[ERROR - 2015-08-04T22:17:40.276Z] WebElementLocator - _handleLocateCommand - Element(s) NOT Found: GAVE UP. Search Stop Time: 1438726660236
[ERROR - 2015-08-04T22:17:41.006Z] WebElementLocator - _handleLocateCommand - Element(s) NOT Found: GAVE UP. Search Stop Time: 1438726660955
[ERROR - 2015-08-04T22:17:42.829Z] WebElementLocator - _handleLocateCommand - Element(s) NOT Found: GAVE UP. Search Stop Time: 1438726662789
[ERROR - 2015-08-04T22:17:43.443Z] WebElementLocator - _handleLocateCommand - Element(s) NOT Found: GAVE UP. Search Stop Time: 1438726663408
[ERROR - 2015-08-04T22:17:44.064Z] WebElementLocator - _handleLocateCommand - Element(s) NOT Found: GAVE UP. Search Stop Time: 1438726664027
[ERROR - 2015-08-04T22:17:45.756Z] WebElementLocator - _handleLocateCommand - Element(s) NOT Found: GAVE UP. Search Stop Time: 1438726665718
[ERROR - 2015-08-04T22:17:46.418Z] WebElementLocator - _handleLocateCommand - Element(s) NOT Found: GAVE UP. Search Stop Time: 1438726666380
[ERROR - 2015-08-04T22:17:47.096Z] WebElementLocator - _handleLocateCommand - Element(s) NOT Found: GAVE UP. Search Stop Time: 1438726667057
[ERROR - 2015-08-04T22:17:48.788Z] WebElementLocator - _handleLocateCommand - Element(s) NOT Found: GAVE UP. Search Stop Time: 1438726668743
[ERROR - 2015-08-04T22:17:49.497Z] WebElementLocator - _handleLocateCommand - Element(s) NOT Found: GAVE UP. Search Stop Time: 1438726669455
[ERROR - 2015-08-04T22:17:50.132Z] WebElementLocator - _handleLocateCommand - Element(s) NOT Found: GAVE UP. Search Stop Time: 1438726670092
[ERROR - 2015-08-04T22:17:51.901Z] WebElementLocator - _handleLocateCommand - Element(s) NOT Found: GAVE UP. Search Stop Time: 1438726671861
[ERROR - 2015-08-04T22:17:52.528Z] WebElementLocator - _handleLocateCommand - Element(s) NOT Found: GAVE UP. Search Stop Time: 1438726672487
[ERROR - 2015-08-04T22:17:53.262Z] WebElementLocator - _handleLocateCommand - Element(s) NOT Found: GAVE UP. Search Stop Time: 1438726673202
[ERROR - 2015-08-04T22:17:55.031Z] WebElementLocator - _handleLocateCommand - Element(s) NOT Found: GAVE UP. Search Stop Time: 1438726674987
[ERROR - 2015-08-04T22:17:55.662Z] WebElementLocator - _handleLocateCommand - Element(s) NOT Found: GAVE UP. Search Stop Time: 1438726675627
[ERROR - 2015-08-04T22:17:56.289Z] WebElementLocator - _handleLocateCommand - Element(s) NOT Found: GAVE UP. Search Stop Time: 1438726676253
[ERROR - 2015-08-04T22:17:57.962Z] WebElementLocator - _handleLocateCommand - Element(s) NOT Found: GAVE UP. Search Stop Time: 1438726677927
[ERROR - 2015-08-04T22:17:58.609Z] WebElementLocator - _handleLocateCommand - Element(s) NOT Found: GAVE UP. Search Stop Time: 1438726678574
[ERROR - 2015-08-04T22:17:59.295Z] WebElementLocator - _handleLocateCommand - Element(s) NOT Found: GAVE UP. Search Stop Time: 1438726679251
[ERROR - 2015-08-04T22:18:01.012Z] WebElementLocator - _handleLocateCommand - Element(s) NOT Found: GAVE UP. Search Stop Time: 1438726680971
[ERROR - 2015-08-04T22:18:01.675Z] WebElementLocator - _handleLocateCommand - Element(s) NOT Found: GAVE UP. Search Stop Time: 1438726681632
[ERROR - 2015-08-04T22:18:02.375Z] WebElementLocator - _handleLocateCommand - Element(s) NOT Found: GAVE UP. Search Stop Time: 1438726682322
[ERROR - 2015-08-04T22:18:04.053Z] WebElementLocator - _handleLocateCommand - Element(s) NOT Found: GAVE UP. Search Stop Time: 1438726684014
[ERROR - 2015-08-04T22:18:04.685Z] WebElementLocator - _handleLocateCommand - Element(s) NOT Found: GAVE UP. Search Stop Time: 1438726684643
[ERROR - 2015-08-04T22:18:05.440Z] WebElementLocator - _handleLocateCommand - Element(s) NOT Found: GAVE UP. Search Stop Time: 1438726685376
[ERROR - 2015-08-04T22:18:07.318Z] WebElementLocator - _handleLocateCommand - Element(s) NOT Found: GAVE UP. Search Stop Time: 1438726687279
[ERROR - 2015-08-04T22:18:07.941Z] WebElementLocator - _handleLocateCommand - Element(s) NOT Found: GAVE UP. Search Stop Time: 1438726687907
[ERROR - 2015-08-04T22:18:08.614Z] WebElementLocator - _handleLocateCommand - Element(s) NOT Found: GAVE UP. Search Stop Time: 1438726688581
[ERROR - 2015-08-04T22:18:10.384Z] WebElementLocator - _handleLocateCommand - Element(s) NOT Found: GAVE UP. Search Stop Time: 1438726690343
[ERROR - 2015-08-04T22:18:11.105Z] WebElementLocator - _handleLocateCommand - Element(s) NOT Found: GAVE UP. Search Stop Time: 1438726691062
[ERROR - 2015-08-04T22:18:11.801Z] WebElementLocator - _handleLocateCommand - Element(s) NOT Found: GAVE UP. Search Stop Time: 1438726691753
[ERROR - 2015-08-04T22:18:13.497Z] WebElementLocator - _handleLocateCommand - Element(s) NOT Found: GAVE UP. Search Stop Time: 1438726693457
[ERROR - 2015-08-04T22:18:14.125Z] WebElementLocator - _handleLocateCommand - Element(s) NOT Found: GAVE UP. Search Stop Time: 1438726694081
[ERROR - 2015-08-04T22:18:14.760Z] WebElementLocator - _handleLocateCommand - Element(s) NOT Found: GAVE UP. Search Stop Time: 1438726694722
[ERROR - 2015-08-04T22:18:16.484Z] WebElementLocator - _handleLocateCommand - Element(s) NOT Found: GAVE UP. Search Stop Time: 1438726696435
[ERROR - 2015-08-04T22:18:17.179Z] WebElementLocator - _handleLocateCommand - Element(s) NOT Found: GAVE UP. Search Stop Time: 1438726697124
[ERROR - 2015-08-04T22:18:17.943Z] WebElementLocator - _handleLocateCommand - Element(s) NOT Found: GAVE UP. Search Stop Time: 1438726697890
[ERROR - 2015-08-04T22:18:19.750Z] WebElementLocator - _handleLocateCommand - Element(s) NOT Found: GAVE UP. Search Stop Time: 1438726699709
[ERROR - 2015-08-04T22:18:20.360Z] WebElementLocator - _handleLocateCommand - Element(s) NOT Found: GAVE UP. Search Stop Time: 1438726700326
[ERROR - 2015-08-04T22:18:21.060Z] WebElementLocator - _handleLocateCommand - Element(s) NOT Found: GAVE UP. Search Stop Time: 1438726701020
[ERROR - 2015-08-04T22:18:22.801Z] WebElementLocator - _handleLocateCommand - Element(s) NOT Found: GAVE UP. Search Stop Time: 1438726702767
[ERROR - 2015-08-04T22:18:23.416Z] WebElementLocator - _handleLocateCommand - Element(s) NOT Found: GAVE UP. Search Stop Time: 1438726703383
[ERROR - 2015-08-04T22:18:24.104Z] WebElementLocator - _handleLocateCommand - Element(s) NOT Found: GAVE UP. Search Stop Time: 1438726704064
[ERROR - 2015-08-04T22:18:25.846Z] WebElementLocator - _handleLocateCommand - Element(s) NOT Found: GAVE UP. Search Stop Time: 1438726705807
[ERROR - 2015-08-04T22:18:26.455Z] WebElementLocator - _handleLocateCommand - Element(s) NOT Found: GAVE UP. Search Stop Time: 1438726706417
[ERROR - 2015-08-04T22:18:27.083Z] WebElementLocator - _handleLocateCommand - Element(s) NOT Found: GAVE UP. Search Stop Time: 1438726707043
[ERROR - 2015-08-04T22:18:28.758Z] WebElementLocator - _handleLocateCommand - Element(s) NOT Found: GAVE UP. Search Stop Time: 1438726708716
[ERROR - 2015-08-04T22:18:29.455Z] WebElementLocator - _handleLocateCommand - Element(s) NOT Found: GAVE UP. Search Stop Time: 1438726709403
[ERROR - 2015-08-04T22:18:30.240Z] WebElementLocator - _handleLocateCommand - Element(s) NOT Found: GAVE UP. Search Stop Time: 1438726710192
[ERROR - 2015-08-04T22:18:32.088Z] WebElementLocator - _handleLocateCommand - Element(s) NOT Found: GAVE UP. Search Stop Time: 1438726712042
[ERROR - 2015-08-04T22:18:32.877Z] WebElementLocator - _handleLocateCommand - Element(s) NOT Found: GAVE UP. Search Stop Time: 1438726712837
[ERROR - 2015-08-04T22:18:33.504Z] WebElementLocator - _handleLocateCommand - Element(s) NOT Found: GAVE UP. Search Stop Time: 1438726713464
[ERROR - 2015-08-04T22:18:35.236Z] WebElementLocator - _handleLocateCommand - Element(s) NOT Found: GAVE UP. Search Stop Time: 1438726715194
[ERROR - 2015-08-04T22:18:35.893Z] WebElementLocator - _handleLocateCommand - Element(s) NOT Found: GAVE UP. Search Stop Time: 1438726715854
[ERROR - 2015-08-04T22:18:36.545Z] WebElementLocator - _handleLocateCommand - Element(s) NOT Found: GAVE UP. Search Stop Time: 1438726716504
[ERROR - 2015-08-04T22:18:38.296Z] WebElementLocator - _handleLocateCommand - Element(s) NOT Found: GAVE UP. Search Stop Time: 1438726718250
[ERROR - 2015-08-04T22:18:38.983Z] WebElementLocator - _handleLocateCommand - Element(s) NOT Found: GAVE UP. Search Stop Time: 1438726718941
[ERROR - 2015-08-04T22:18:39.656Z] WebElementLocator - _handleLocateCommand - Element(s) NOT Found: GAVE UP. Search Stop Time: 1438726719611
[ERROR - 2015-08-04T22:18:41.351Z] WebElementLocator - _handleLocateCommand - Element(s) NOT Found: GAVE UP. Search Stop Time: 1438726721304
[ERROR - 2015-08-04T22:18:42.111Z] WebElementLocator - _handleLocateCommand - Element(s) NOT Found: GAVE UP. Search Stop Time: 1438726722057
[ERROR - 2015-08-04T22:18:42.925Z] WebElementLocator - _handleLocateCommand - Element(s) NOT Found: GAVE UP. Search Stop Time: 1438726722923
[ERROR - 2015-08-04T22:18:44.798Z] WebElementLocator - _handleLocateCommand - Element(s) NOT Found: GAVE UP. Search Stop Time: 1438726724759
[ERROR - 2015-08-04T22:18:45.416Z] WebElementLocator - _handleLocateCommand - Element(s) NOT Found: GAVE UP. Search Stop Time: 1438726725377
[ERROR - 2015-08-04T22:18:46.046Z] WebElementLocator - _handleLocateCommand - Element(s) NOT Found: GAVE UP. Search Stop Time: 1438726726012
[ERROR - 2015-08-04T22:18:47.726Z] WebElementLocator - _handleLocateCommand - Element(s) NOT Found: GAVE UP. Search Stop Time: 1438726727683
[ERROR - 2015-08-04T22:18:48.357Z] WebElementLocator - _handleLocateCommand - Element(s) NOT Found: GAVE UP. Search Stop Time: 1438726728317
[ERROR - 2015-08-04T22:18:48.990Z] WebElementLocator - _handleLocateCommand - Element(s) NOT Found: GAVE UP. Search Stop Time: 1438726728947
[ERROR - 2015-08-04T22:18:50.774Z] WebElementLocator - _handleLocateCommand - Element(s) NOT Found: GAVE UP. Search Stop Time: 1438726730720
[ERROR - 2015-08-04T22:18:51.445Z] WebElementLocator - _handleLocateCommand - Element(s) NOT Found: GAVE UP. Search Stop Time: 1438726731404
[ERROR - 2015-08-04T22:18:52.087Z] WebElementLocator - _handleLocateCommand - Element(s) NOT Found: GAVE UP. Search Stop Time: 1438726732038
[ERROR - 2015-08-04T22:18:53.792Z] WebElementLocator - _handleLocateCommand - Element(s) NOT Found: GAVE UP. Search Stop Time: 1438726733745
[ERROR - 2015-08-04T22:18:54.535Z] WebElementLocator - _handleLocateCommand - Element(s) NOT Found: GAVE UP. Search Stop Time: 1438726734533
[ERROR - 2015-08-04T22:18:55.383Z] WebElementLocator - _handleLocateCommand - Element(s) NOT Found: GAVE UP. Search Stop Time: 1438726735327
[ERROR - 2015-08-04T22:18:57.260Z] WebElementLocator - _handleLocateCommand - Element(s) NOT Found: GAVE UP. Search Stop Time: 1438726737213
[ERROR - 2015-08-04T22:18:57.942Z] WebElementLocator - _handleLocateCommand - Element(s) NOT Found: GAVE UP. Search Stop Time: 1438726737897
[ERROR - 2015-08-04T22:18:58.628Z] WebElementLocator - _handleLocateCommand - Element(s) NOT Found: GAVE UP. Search Stop Time: 1438726738586
[ERROR - 2015-08-04T22:19:00.370Z] WebElementLocator - _handleLocateCommand - Element(s) NOT Found: GAVE UP. Search Stop Time: 1438726740325
[ERROR - 2015-08-04T22:19:00.993Z] WebElementLocator - _handleLocateCommand - Element(s) NOT Found: GAVE UP. Search Stop Time: 1438726740955
[ERROR - 2015-08-04T22:19:01.606Z] WebElementLocator - _handleLocateCommand - Element(s) NOT Found: GAVE UP. Search Stop Time: 1438726741570
[ERROR - 2015-08-04T22:19:03.315Z] WebElementLocator - _handleLocateCommand - Element(s) NOT Found: GAVE UP. Search Stop Time: 1438726743274
[ERROR - 2015-08-04T22:19:04.031Z] WebElementLocator - _handleLocateCommand - Element(s) NOT Found: GAVE UP. Search Stop Time: 1438726743985
[ERROR - 2015-08-04T22:19:04.720Z] WebElementLocator - _handleLocateCommand - Element(s) NOT Found: GAVE UP. Search Stop Time: 1438726744675
[ERROR - 2015-08-04T22:19:06.398Z] WebElementLocator - _handleLocateCommand - Element(s) NOT Found: GAVE UP. Search Stop Time: 1438726746353
[ERROR - 2015-08-04T22:19:07.227Z] WebElementLocator - _handleLocateCommand - Element(s) NOT Found: GAVE UP. Search Stop Time: 1438726747165
[ERROR - 2015-08-04T22:19:07.987Z] WebElementLocator - _handleLocateCommand - Element(s) NOT Found: GAVE UP. Search Stop Time: 1438726747927
[INFO  - 2015-08-04T22:19:08.995Z] SessionManagerReqHand - _cleanupWindowlessSessions - Asynchronous Sessions clean-up phase starting NOW
[ERROR - 2015-08-04T22:19:09.788Z] WebElementLocator - _handleLocateCommand - Element(s) NOT Found: GAVE UP. Search Stop Time: 1438726749741
[ERROR - 2015-08-04T22:19:10.481Z] WebElementLocator - _handleLocateCommand - Element(s) NOT Found: GAVE UP. Search Stop Time: 1438726750435
[ERROR - 2015-08-04T22:19:11.098Z] WebElementLocator - _handleLocateCommand - Element(s) NOT Found: GAVE UP. Search Stop Time: 1438726751063
[ERROR - 2015-08-04T22:19:12.775Z] WebElementLocator - _handleLocateCommand - Element(s) NOT Found: GAVE UP. Search Stop Time: 1438726752741
[ERROR - 2015-08-04T22:19:13.407Z] WebElementLocator - _handleLocateCommand - Element(s) NOT Found: GAVE UP. Search Stop Time: 1438726753368
[ERROR - 2015-08-04T22:19:14.023Z] WebElementLocator - _handleLocateCommand - Element(s) NOT Found: GAVE UP. Search Stop Time: 1438726753985
[ERROR - 2015-08-04T22:19:15.746Z] WebElementLocator - _handleLocateCommand - Element(s) NOT Found: GAVE UP. Search Stop Time: 1438726755700
[ERROR - 2015-08-04T22:19:16.405Z] WebElementLocator - _handleLocateCommand - Element(s) NOT Found: GAVE UP. Search Stop Time: 1438726756358
[ERROR - 2015-08-04T22:19:17.106Z] WebElementLocator - _handleLocateCommand - Element(s) NOT Found: GAVE UP. Search Stop Time: 1438726757067
[ERROR - 2015-08-04T22:19:18.952Z] WebElementLocator - _handleLocateCommand - Element(s) NOT Found: GAVE UP. Search Stop Time: 1438726758899
[ERROR - 2015-08-04T22:19:19.714Z] WebElementLocator - _handleLocateCommand - Element(s) NOT Found: GAVE UP. Search Stop Time: 1438726759660
[ERROR - 2015-08-04T22:19:20.481Z] WebElementLocator - _handleLocateCommand - Element(s) NOT Found: GAVE UP. Search Stop Time: 1438726760434
[ERROR - 2015-08-04T22:19:22.314Z] WebElementLocator - _handleLocateCommand - Element(s) NOT Found: GAVE UP. Search Stop Time: 1438726762276
[ERROR - 2015-08-04T22:19:23.038Z] WebElementLocator - _handleLocateCommand - Element(s) NOT Found: GAVE UP. Search Stop Time: 1438726762994
[ERROR - 2015-08-04T22:19:23.763Z] WebElementLocator - _handleLocateCommand - Element(s) NOT Found: GAVE UP. Search Stop Time: 1438726763722
[ERROR - 2015-08-04T22:19:25.579Z] WebElementLocator - _handleLocateCommand - Element(s) NOT Found: GAVE UP. Search Stop Time: 1438726765532
[ERROR - 2015-08-04T22:19:26.238Z] WebElementLocator - _handleLocateCommand - Element(s) NOT Found: GAVE UP. Search Stop Time: 1438726766200
[ERROR - 2015-08-04T22:19:26.855Z] WebElementLocator - _handleLocateCommand - Element(s) NOT Found: GAVE UP. Search Stop Time: 1438726766812
[ERROR - 2015-08-04T22:19:28.626Z] WebElementLocator - _handleLocateCommand - Element(s) NOT Found: GAVE UP. Search Stop Time: 1438726768579
[ERROR - 2015-08-04T22:19:29.260Z] WebElementLocator - _handleLocateCommand - Element(s) NOT Found: GAVE UP. Search Stop Time: 1438726769214
[ERROR - 2015-08-04T22:19:29.870Z] WebElementLocator - _handleLocateCommand - Element(s) NOT Found: GAVE UP. Search Stop Time: 1438726769835
[ERROR - 2015-08-04T22:19:31.582Z] WebElementLocator - _handleLocateCommand - Element(s) NOT Found: GAVE UP. Search Stop Time: 1438726771538
[ERROR - 2015-08-04T22:19:32.366Z] WebElementLocator - _handleLocateCommand - Element(s) NOT Found: GAVE UP. Search Stop Time: 1438726772365
[ERROR - 2015-08-04T22:19:33.062Z] WebElementLocator - _handleLocateCommand - Element(s) NOT Found: GAVE UP. Search Stop Time: 1438726773059
[ERROR - 2015-08-04T22:19:34.861Z] WebElementLocator - _handleLocateCommand - Element(s) NOT Found: GAVE UP. Search Stop Time: 1438726774818
[ERROR - 2015-08-04T22:19:35.480Z] WebElementLocator - _handleLocateCommand - Element(s) NOT Found: GAVE UP. Search Stop Time: 1438726775438
[ERROR - 2015-08-04T22:19:36.115Z] WebElementLocator - _handleLocateCommand - Element(s) NOT Found: GAVE UP. Search Stop Time: 1438726776067
[ERROR - 2015-08-04T22:19:37.812Z] WebElementLocator - _handleLocateCommand - Element(s) NOT Found: GAVE UP. Search Stop Time: 1438726777764
[ERROR - 2015-08-04T22:19:38.496Z] WebElementLocator - _handleLocateCommand - Element(s) NOT Found: GAVE UP. Search Stop Time: 1438726778456
[ERROR - 2015-08-04T22:19:39.209Z] WebElementLocator - _handleLocateCommand - Element(s) NOT Found: GAVE UP. Search Stop Time: 1438726779165
[ERROR - 2015-08-04T22:19:40.990Z] WebElementLocator - _handleLocateCommand - Element(s) NOT Found: GAVE UP. Search Stop Time: 1438726780949
[ERROR - 2015-08-04T22:19:41.614Z] WebElementLocator - _handleLocateCommand - Element(s) NOT Found: GAVE UP. Search Stop Time: 1438726781572
[ERROR - 2015-08-04T22:19:42.296Z] WebElementLocator - _handleLocateCommand - Element(s) NOT Found: GAVE UP. Search Stop Time: 1438726782246
[ERROR - 2015-08-04T22:19:44.029Z] WebElementLocator - _handleLocateCommand - Element(s) NOT Found: GAVE UP. Search Stop Time: 1438726783969
[ERROR - 2015-08-04T22:19:44.826Z] WebElementLocator - _handleLocateCommand - Element(s) NOT Found: GAVE UP. Search Stop Time: 1438726784772
[ERROR - 2015-08-04T22:19:45.580Z] WebElementLocator - _handleLocateCommand - Element(s) NOT Found: GAVE UP. Search Stop Time: 1438726785528
[ERROR - 2015-08-04T22:19:47.378Z] WebElementLocator - _handleLocateCommand - Element(s) NOT Found: GAVE UP. Search Stop Time: 1438726787333
[ERROR - 2015-08-04T22:19:48.013Z] WebElementLocator - _handleLocateCommand - Element(s) NOT Found: GAVE UP. Search Stop Time: 1438726787973
[ERROR - 2015-08-04T22:19:48.722Z] WebElementLocator - _handleLocateCommand - Element(s) NOT Found: GAVE UP. Search Stop Time: 1438726788687
[ERROR - 2015-08-04T22:19:50.423Z] WebElementLocator - _handleLocateCommand - Element(s) NOT Found: GAVE UP. Search Stop Time: 1438726790383
[ERROR - 2015-08-04T22:19:51.077Z] WebElementLocator - _handleLocateCommand - Element(s) NOT Found: GAVE UP. Search Stop Time: 1438726791035
[ERROR - 2015-08-04T22:19:51.770Z] WebElementLocator - _handleLocateCommand - Element(s) NOT Found: GAVE UP. Search Stop Time: 1438726791731
[ERROR - 2015-08-04T22:19:53.460Z] WebElementLocator - _handleLocateCommand - Element(s) NOT Found: GAVE UP. Search Stop Time: 1438726793414
[ERROR - 2015-08-04T22:19:54.117Z] WebElementLocator - _handleLocateCommand - Element(s) NOT Found: GAVE UP. Search Stop Time: 1438726794070
[ERROR - 2015-08-04T22:19:54.819Z] WebElementLocator - _handleLocateCommand - Element(s) NOT Found: GAVE UP. Search Stop Time: 1438726794779
[ERROR - 2015-08-04T22:19:56.521Z] WebElementLocator - _handleLocateCommand - Element(s) NOT Found: GAVE UP. Search Stop Time: 1438726796465
[ERROR - 2015-08-04T22:19:57.305Z] WebElementLocator - _handleLocateCommand - Element(s) NOT Found: GAVE UP. Search Stop Time: 1438726797252
[ERROR - 2015-08-04T22:19:58.031Z] WebElementLocator - _handleLocateCommand - Element(s) NOT Found: GAVE UP. Search Stop Time: 1438726798026
[ERROR - 2015-08-04T22:19:59.775Z] WebElementLocator - _handleLocateCommand - Element(s) NOT Found: GAVE UP. Search Stop Time: 1438726799739
[ERROR - 2015-08-04T22:20:00.399Z] WebElementLocator - _handleLocateCommand - Element(s) NOT Found: GAVE UP. Search Stop Time: 1438726800364
[ERROR - 2015-08-04T22:20:01.095Z] WebElementLocator - _handleLocateCommand - Element(s) NOT Found: GAVE UP. Search Stop Time: 1438726801057
[ERROR - 2015-08-04T22:20:02.832Z] WebElementLocator - _handleLocateCommand - Element(s) NOT Found: GAVE UP. Search Stop Time: 1438726802791
[ERROR - 2015-08-04T22:20:03.450Z] WebElementLocator - _handleLocateCommand - Element(s) NOT Found: GAVE UP. Search Stop Time: 1438726803412
[ERROR - 2015-08-04T22:20:04.079Z] WebElementLocator - _handleLocateCommand - Element(s) NOT Found: GAVE UP. Search Stop Time: 1438726804027
[ERROR - 2015-08-04T22:20:05.817Z] WebElementLocator - _handleLocateCommand - Element(s) NOT Found: GAVE UP. Search Stop Time: 1438726805771
[ERROR - 2015-08-04T22:20:06.474Z] WebElementLocator - _handleLocateCommand - Element(s) NOT Found: GAVE UP. Search Stop Time: 1438726806435
[ERROR - 2015-08-04T22:20:07.102Z] WebElementLocator - _handleLocateCommand - Element(s) NOT Found: GAVE UP. Search Stop Time: 1438726807054
[ERROR - 2015-08-04T22:20:08.896Z] WebElementLocator - _handleLocateCommand - Element(s) NOT Found: GAVE UP. Search Stop Time: 1438726808845
[ERROR - 2015-08-04T22:20:09.656Z] WebElementLocator - _handleLocateCommand - Element(s) NOT Found: GAVE UP. Search Stop Time: 1438726809607
[ERROR - 2015-08-04T22:20:10.502Z] WebElementLocator - _handleLocateCommand - Element(s) NOT Found: GAVE UP. Search Stop Time: 1438726810456
